c7db5dd0f74ad4b7e9e93a9a22af7a5a8|!|2023-11-16 05:08:02.409|!|INFO|!|     |!|Report Put in a Thread Pool !!|@|
c7db5dd0f74ad4b7e9e93a9a22af7a5a8|!|2023-11-16 05:08:02.411|!|INFO|!|     |!|Report Thread pool Active: 1  ,Wait User : 0|@|
c7db5dd0f74ad4b7e9e93a9a22af7a5a8|!|2023-11-16 05:08:02.449|!|DEBUG|!|     |!|Report Read Time : TimeMillis : 38ms, HH:MM:SS : 00:00:00|@|
c7db5dd0f74ad4b7e9e93a9a22af7a5a8|!|2023-11-16 05:08:02.457|!|INFO|!|     |!|Start generating reports. ReportFileName : D:\eclipse-workspace\ncos\src\main\webapp\WEB-INF\clipreport5/crf/THREAT_ASSET_REPORT_DETAIL.crf|@|
c7db5dd0f74ad4b7e9e93a9a22af7a5a8|!|2023-11-16 05:08:02.457|!|DEBUG|!|     |!|dataset read end|@|
c7db5dd0f74ad4b7e9e93a9a22af7a5a8|!|2023-11-16 05:08:02.458|!|DEBUG|!|     |!|reportpage build start|@|
c7db5dd0f74ad4b7e9e93a9a22af7a5a8|!|2023-11-16 05:08:02.479|!|DEBUG|!|     |!|[JSONDS10] JSONFile load : TimeMillis : 1ms, HH:MM:SS : 00:00:00|@|
c7db5dd0f74ad4b7e9e93a9a22af7a5a8|!|2023-11-16 05:08:02.482|!|DEBUG|!|     |!|[JSONDS10] JSON data load rows : 1|@|
c7db5dd0f74ad4b7e9e93a9a22af7a5a8|!|2023-11-16 05:08:02.483|!|DEBUG|!|     |!|[JSONDS10] JSONMemo read RecordSet TimeMillis : 3ms, HH:MM:SS : 00:00:00|@|
c7db5dd0f74ad4b7e9e93a9a22af7a5a8|!|2023-11-16 05:08:02.485|!|DEBUG|!|     |!|[JSONDS5] JSONFile load : TimeMillis : 1ms, HH:MM:SS : 00:00:00|@|
c7db5dd0f74ad4b7e9e93a9a22af7a5a8|!|2023-11-16 05:08:02.485|!|WARN|!|     |!|[JSONDS5] There is no JSON data.|@|
c7db5dd0f74ad4b7e9e93a9a22af7a5a8|!|2023-11-16 05:08:02.486|!|WARN|!|     |!|[JSONDS5] Not Found Dataset JsonPath - json5|@|
c7db5dd0f74ad4b7e9e93a9a22af7a5a8|!|2023-11-16 05:08:02.490|!|DEBUG|!|     |!|[JSONDS5] JSONMemo read RecordSet TimeMillis : 1ms, HH:MM:SS : 00:00:00|@|
c7db5dd0f74ad4b7e9e93a9a22af7a5a8|!|2023-11-16 05:08:02.495|!|DEBUG|!|     |!|[JSONDS1] JSONFile load : TimeMillis : 0ms, HH:MM:SS : 00:00:00|@|
c7db5dd0f74ad4b7e9e93a9a22af7a5a8|!|2023-11-16 05:08:02.495|!|DEBUG|!|     |!|[JSONDS1] JSON data load rows : 3|@|
c7db5dd0f74ad4b7e9e93a9a22af7a5a8|!|2023-11-16 05:08:02.495|!|DEBUG|!|     |!|[JSONDS1] JSONMemo read RecordSet TimeMillis : 0ms, HH:MM:SS : 00:00:00|@|
c7db5dd0f74ad4b7e9e93a9a22af7a5a8|!|2023-11-16 05:08:02.509|!|DEBUG|!|     |!|[JSONDS3] JSONFile load : TimeMillis : 0ms, HH:MM:SS : 00:00:00|@|
c7db5dd0f74ad4b7e9e93a9a22af7a5a8|!|2023-11-16 05:08:02.509|!|DEBUG|!|     |!|[JSONDS3] JSON data load rows : 3|@|
c7db5dd0f74ad4b7e9e93a9a22af7a5a8|!|2023-11-16 05:08:02.509|!|DEBUG|!|     |!|[JSONDS3] JSONMemo read RecordSet TimeMillis : 0ms, HH:MM:SS : 00:00:00|@|
c7db5dd0f74ad4b7e9e93a9a22af7a5a8|!|2023-11-16 05:08:02.519|!|DEBUG|!|     |!|[JSONDS2] JSONFile load : TimeMillis : 0ms, HH:MM:SS : 00:00:00|@|
c7db5dd0f74ad4b7e9e93a9a22af7a5a8|!|2023-11-16 05:08:02.519|!|DEBUG|!|     |!|[JSONDS2] JSON data load rows : 2|@|
c7db5dd0f74ad4b7e9e93a9a22af7a5a8|!|2023-11-16 05:08:02.519|!|DEBUG|!|     |!|[JSONDS2] JSONMemo read RecordSet TimeMillis : 0ms, HH:MM:SS : 00:00:00|@|
c7db5dd0f74ad4b7e9e93a9a22af7a5a8|!|2023-11-16 05:08:02.526|!|DEBUG|!|     |!|[JSONDS4] JSONFile load : TimeMillis : 0ms, HH:MM:SS : 00:00:00|@|
c7db5dd0f74ad4b7e9e93a9a22af7a5a8|!|2023-11-16 05:08:02.526|!|DEBUG|!|     |!|[JSONDS4] JSON data load rows : 4|@|
c7db5dd0f74ad4b7e9e93a9a22af7a5a8|!|2023-11-16 05:08:02.526|!|DEBUG|!|     |!|[JSONDS4] JSONMemo read RecordSet TimeMillis : 0ms, HH:MM:SS : 00:00:00|@|
c7db5dd0f74ad4b7e9e93a9a22af7a5a8|!|2023-11-16 05:08:02.533|!|DEBUG|!|     |!|[JSONDS9] JSONFile load : TimeMillis : 0ms, HH:MM:SS : 00:00:00|@|
c7db5dd0f74ad4b7e9e93a9a22af7a5a8|!|2023-11-16 05:08:02.533|!|WARN|!|     |!|[JSONDS9] There is no JSON data.|@|
c7db5dd0f74ad4b7e9e93a9a22af7a5a8|!|2023-11-16 05:08:02.533|!|WARN|!|     |!|[JSONDS9] Not Found Dataset JsonPath - json9|@|
c7db5dd0f74ad4b7e9e93a9a22af7a5a8|!|2023-11-16 05:08:02.533|!|DEBUG|!|     |!|[JSONDS9] JSONMemo read RecordSet TimeMillis : 0ms, HH:MM:SS : 00:00:00|@|
c7db5dd0f74ad4b7e9e93a9a22af7a5a8|!|2023-11-16 05:08:02.549|!|DEBUG|!|     |!|[JSONDS6] JSONFile load : TimeMillis : 0ms, HH:MM:SS : 00:00:00|@|
c7db5dd0f74ad4b7e9e93a9a22af7a5a8|!|2023-11-16 05:08:02.549|!|DEBUG|!|     |!|[JSONDS6] JSON data load rows : 4|@|
c7db5dd0f74ad4b7e9e93a9a22af7a5a8|!|2023-11-16 05:08:02.550|!|DEBUG|!|     |!|[JSONDS6] JSONMemo read RecordSet TimeMillis : 0ms, HH:MM:SS : 00:00:00|@|
c7db5dd0f74ad4b7e9e93a9a22af7a5a8|!|2023-11-16 05:08:02.558|!|DEBUG|!|     |!|[JSONDS8] JSONFile load : TimeMillis : 0ms, HH:MM:SS : 00:00:00|@|
c7db5dd0f74ad4b7e9e93a9a22af7a5a8|!|2023-11-16 05:08:02.559|!|DEBUG|!|     |!|[JSONDS8] JSON data load rows : 4|@|
c7db5dd0f74ad4b7e9e93a9a22af7a5a8|!|2023-11-16 05:08:02.559|!|DEBUG|!|     |!|[JSONDS8] JSONMemo read RecordSet TimeMillis : 1ms, HH:MM:SS : 00:00:00|@|
c7db5dd0f74ad4b7e9e93a9a22af7a5a8|!|2023-11-16 05:08:02.564|!|DEBUG|!|     |!|[JSONDS7] JSONFile load : TimeMillis : 0ms, HH:MM:SS : 00:00:00|@|
c7db5dd0f74ad4b7e9e93a9a22af7a5a8|!|2023-11-16 05:08:02.564|!|WARN|!|     |!|[JSONDS7] There is no JSON data.|@|
c7db5dd0f74ad4b7e9e93a9a22af7a5a8|!|2023-11-16 05:08:02.564|!|WARN|!|     |!|[JSONDS7] Not Found Dataset JsonPath - json7|@|
c7db5dd0f74ad4b7e9e93a9a22af7a5a8|!|2023-11-16 05:08:02.564|!|DEBUG|!|     |!|[JSONDS7] JSONMemo read RecordSet TimeMillis : 0ms, HH:MM:SS : 00:00:00|@|
c7db5dd0f74ad4b7e9e93a9a22af7a5a8|!|2023-11-16 05:08:02.571|!|DEBUG|!|     |!|[JSONDS5] JSONMemo RecordSet reUse : JSONDS5|@|
c7db5dd0f74ad4b7e9e93a9a22af7a5a8|!|2023-11-16 05:08:02.574|!|DEBUG|!|     |!|[JSONDS9] JSONMemo RecordSet reUse : JSONDS9|@|
c7db5dd0f74ad4b7e9e93a9a22af7a5a8|!|2023-11-16 05:08:02.575|!|DEBUG|!|     |!|report build end|@|
c7db5dd0f74ad4b7e9e93a9a22af7a5a8|!|2023-11-16 05:08:02.576|!|INFO|!|     |!|Report creation complete.|@|
c7db5dd0f74ad4b7e9e93a9a22af7a5a8|!|2023-11-16 05:08:02.577|!|INFO|!|     |!|Report Build Time : TimeMillis : 119ms, HH:MM:SS : 00:00:00|@|
c7db5dd0f74ad4b7e9e93a9a22af7a5a8|!|2023-11-16 05:08:02.577|!|DEBUG|!|     |!|report end|@|
c7db5dd0f74ad4b7e9e93a9a22af7a5a8|!|2023-11-16 05:08:02.577|!|DEBUG|!|     |!|Total Page Count (4) saved!|@|
c7db5dd0f74ad4b7e9e93a9a22af7a5a8|!|2023-11-16 05:08:02.578|!|DEBUG|!|     |!|Last Document saved!|@|
c7db5dd0f74ad4b7e9e93a9a22af7a5a8|!|2023-11-16 05:08:02.579|!|INFO|!|     |!|Report generation completed.|@|
c1b26f524da8343a6b3345701759217a9|!|2023-11-16 05:12:41.407|!|INFO|!|     |!|Report Put in a Thread Pool !!|@|
c1b26f524da8343a6b3345701759217a9|!|2023-11-16 05:12:41.408|!|INFO|!|     |!|Report Thread pool Active: 1  ,Wait User : 0|@|
c1b26f524da8343a6b3345701759217a9|!|2023-11-16 05:12:41.425|!|DEBUG|!|     |!|Report Read Time : TimeMillis : 17ms, HH:MM:SS : 00:00:00|@|
c1b26f524da8343a6b3345701759217a9|!|2023-11-16 05:12:41.433|!|INFO|!|     |!|Start generating reports. ReportFileName : D:\eclipse-workspace\ncos\src\main\webapp\WEB-INF\clipreport5/crf/THREAT_ASSET_REPORT_DETAIL.crf|@|
c1b26f524da8343a6b3345701759217a9|!|2023-11-16 05:12:41.436|!|DEBUG|!|     |!|dataset read end|@|
c1b26f524da8343a6b3345701759217a9|!|2023-11-16 05:12:41.436|!|DEBUG|!|     |!|reportpage build start|@|
c1b26f524da8343a6b3345701759217a9|!|2023-11-16 05:12:41.442|!|DEBUG|!|     |!|[JSONDS10] JSONFile load : TimeMillis : 0ms, HH:MM:SS : 00:00:00|@|
c1b26f524da8343a6b3345701759217a9|!|2023-11-16 05:12:41.443|!|DEBUG|!|     |!|[JSONDS10] JSON data load rows : 1|@|
c1b26f524da8343a6b3345701759217a9|!|2023-11-16 05:12:41.443|!|DEBUG|!|     |!|[JSONDS10] JSONMemo read RecordSet TimeMillis : 1ms, HH:MM:SS : 00:00:00|@|
c1b26f524da8343a6b3345701759217a9|!|2023-11-16 05:12:41.446|!|DEBUG|!|     |!|[JSONDS5] JSONFile load : TimeMillis : 0ms, HH:MM:SS : 00:00:00|@|
c1b26f524da8343a6b3345701759217a9|!|2023-11-16 05:12:41.447|!|WARN|!|     |!|[JSONDS5] There is no JSON data.|@|
c1b26f524da8343a6b3345701759217a9|!|2023-11-16 05:12:41.447|!|WARN|!|     |!|[JSONDS5] Not Found Dataset JsonPath - json5|@|
c1b26f524da8343a6b3345701759217a9|!|2023-11-16 05:12:41.447|!|DEBUG|!|     |!|[JSONDS5] JSONMemo read RecordSet TimeMillis : 0ms, HH:MM:SS : 00:00:00|@|
c1b26f524da8343a6b3345701759217a9|!|2023-11-16 05:12:41.448|!|DEBUG|!|     |!|[JSONDS1] JSONFile load : TimeMillis : 0ms, HH:MM:SS : 00:00:00|@|
c1b26f524da8343a6b3345701759217a9|!|2023-11-16 05:12:41.449|!|WARN|!|     |!|[JSONDS1] There is no selectnode JsonPath - percentage|@|
c1b26f524da8343a6b3345701759217a9|!|2023-11-16 05:12:41.449|!|WARN|!|     |!|[JSONDS1] There is no selectnode JsonPath - percentage|@|
c1b26f524da8343a6b3345701759217a9|!|2023-11-16 05:12:41.449|!|WARN|!|     |!|[JSONDS1] There is no selectnode JsonPath - percentage|@|
c1b26f524da8343a6b3345701759217a9|!|2023-11-16 05:12:41.449|!|DEBUG|!|     |!|[JSONDS1] JSON data load rows : 3|@|
c1b26f524da8343a6b3345701759217a9|!|2023-11-16 05:12:41.449|!|DEBUG|!|     |!|[JSONDS1] JSONMemo read RecordSet TimeMillis : 1ms, HH:MM:SS : 00:00:00|@|
c1b26f524da8343a6b3345701759217a9|!|2023-11-16 05:12:41.456|!|DEBUG|!|     |!|[JSONDS3] JSONFile load : TimeMillis : 0ms, HH:MM:SS : 00:00:00|@|
c1b26f524da8343a6b3345701759217a9|!|2023-11-16 05:12:41.457|!|DEBUG|!|     |!|[JSONDS3] JSON data load rows : 3|@|
c1b26f524da8343a6b3345701759217a9|!|2023-11-16 05:12:41.457|!|DEBUG|!|     |!|[JSONDS3] JSONMemo read RecordSet TimeMillis : 0ms, HH:MM:SS : 00:00:00|@|
c1b26f524da8343a6b3345701759217a9|!|2023-11-16 05:12:41.461|!|DEBUG|!|     |!|[JSONDS2] JSONFile load : TimeMillis : 0ms, HH:MM:SS : 00:00:00|@|
c1b26f524da8343a6b3345701759217a9|!|2023-11-16 05:12:41.461|!|DEBUG|!|     |!|[JSONDS2] JSON data load rows : 2|@|
c1b26f524da8343a6b3345701759217a9|!|2023-11-16 05:12:41.462|!|DEBUG|!|     |!|[JSONDS2] JSONMemo read RecordSet TimeMillis : 1ms, HH:MM:SS : 00:00:00|@|
c1b26f524da8343a6b3345701759217a9|!|2023-11-16 05:12:41.466|!|DEBUG|!|     |!|[JSONDS4] JSONFile load : TimeMillis : 0ms, HH:MM:SS : 00:00:00|@|
c1b26f524da8343a6b3345701759217a9|!|2023-11-16 05:12:41.466|!|DEBUG|!|     |!|[JSONDS4] JSON data load rows : 7|@|
c1b26f524da8343a6b3345701759217a9|!|2023-11-16 05:12:41.466|!|DEBUG|!|     |!|[JSONDS4] JSONMemo read RecordSet TimeMillis : 0ms, HH:MM:SS : 00:00:00|@|
c1b26f524da8343a6b3345701759217a9|!|2023-11-16 05:12:41.476|!|DEBUG|!|     |!|[JSONDS9] JSONFile load : TimeMillis : 0ms, HH:MM:SS : 00:00:00|@|
c1b26f524da8343a6b3345701759217a9|!|2023-11-16 05:12:41.476|!|WARN|!|     |!|[JSONDS9] There is no JSON data.|@|
c1b26f524da8343a6b3345701759217a9|!|2023-11-16 05:12:41.476|!|WARN|!|     |!|[JSONDS9] Not Found Dataset JsonPath - json9|@|
c1b26f524da8343a6b3345701759217a9|!|2023-11-16 05:12:41.476|!|DEBUG|!|     |!|[JSONDS9] JSONMemo read RecordSet TimeMillis : 0ms, HH:MM:SS : 00:00:00|@|
c1b26f524da8343a6b3345701759217a9|!|2023-11-16 05:12:41.495|!|DEBUG|!|     |!|[JSONDS6] JSONFile load : TimeMillis : 0ms, HH:MM:SS : 00:00:00|@|
c1b26f524da8343a6b3345701759217a9|!|2023-11-16 05:12:41.495|!|DEBUG|!|     |!|[JSONDS6] JSON data load rows : 4|@|
c1b26f524da8343a6b3345701759217a9|!|2023-11-16 05:12:41.495|!|DEBUG|!|     |!|[JSONDS6] JSONMemo read RecordSet TimeMillis : 0ms, HH:MM:SS : 00:00:00|@|
c1b26f524da8343a6b3345701759217a9|!|2023-11-16 05:12:41.499|!|DEBUG|!|     |!|[JSONDS8] JSONFile load : TimeMillis : 0ms, HH:MM:SS : 00:00:00|@|
c1b26f524da8343a6b3345701759217a9|!|2023-11-16 05:12:41.499|!|DEBUG|!|     |!|[JSONDS8] JSON data load rows : 4|@|
c1b26f524da8343a6b3345701759217a9|!|2023-11-16 05:12:41.499|!|DEBUG|!|     |!|[JSONDS8] JSONMemo read RecordSet TimeMillis : 0ms, HH:MM:SS : 00:00:00|@|
c1b26f524da8343a6b3345701759217a9|!|2023-11-16 05:12:41.503|!|DEBUG|!|     |!|[JSONDS7] JSONFile load : TimeMillis : 0ms, HH:MM:SS : 00:00:00|@|
c1b26f524da8343a6b3345701759217a9|!|2023-11-16 05:12:41.503|!|WARN|!|     |!|[JSONDS7] There is no JSON data.|@|
c1b26f524da8343a6b3345701759217a9|!|2023-11-16 05:12:41.503|!|WARN|!|     |!|[JSONDS7] Not Found Dataset JsonPath - json7|@|
c1b26f524da8343a6b3345701759217a9|!|2023-11-16 05:12:41.503|!|DEBUG|!|     |!|[JSONDS7] JSONMemo read RecordSet TimeMillis : 0ms, HH:MM:SS : 00:00:00|@|
c1b26f524da8343a6b3345701759217a9|!|2023-11-16 05:12:41.510|!|DEBUG|!|     |!|[JSONDS5] JSONMemo RecordSet reUse : JSONDS5|@|
c1b26f524da8343a6b3345701759217a9|!|2023-11-16 05:12:41.513|!|DEBUG|!|     |!|[JSONDS9] JSONMemo RecordSet reUse : JSONDS9|@|
c1b26f524da8343a6b3345701759217a9|!|2023-11-16 05:12:41.514|!|DEBUG|!|     |!|report build end|@|
c1b26f524da8343a6b3345701759217a9|!|2023-11-16 05:12:41.516|!|INFO|!|     |!|Report creation complete.|@|
c1b26f524da8343a6b3345701759217a9|!|2023-11-16 05:12:41.516|!|INFO|!|     |!|Report Build Time : TimeMillis : 83ms, HH:MM:SS : 00:00:00|@|
c1b26f524da8343a6b3345701759217a9|!|2023-11-16 05:12:41.516|!|DEBUG|!|     |!|report end|@|
c1b26f524da8343a6b3345701759217a9|!|2023-11-16 05:12:41.517|!|DEBUG|!|     |!|Total Page Count (4) saved!|@|
c1b26f524da8343a6b3345701759217a9|!|2023-11-16 05:12:41.517|!|DEBUG|!|     |!|Last Document saved!|@|
c1b26f524da8343a6b3345701759217a9|!|2023-11-16 05:12:41.518|!|INFO|!|     |!|Report generation completed.|@|
c14e53e45c71049ff89ca4ca902d95f69|!|2023-11-16 05:13:00.588|!|INFO|!|     |!|Report Put in a Thread Pool !!|@|
c14e53e45c71049ff89ca4ca902d95f69|!|2023-11-16 05:13:00.588|!|INFO|!|     |!|Report Thread pool Active: 0  ,Wait User : 1|@|
c14e53e45c71049ff89ca4ca902d95f69|!|2023-11-16 05:13:00.603|!|DEBUG|!|     |!|Report Read Time : TimeMillis : 14ms, HH:MM:SS : 00:00:00|@|
c14e53e45c71049ff89ca4ca902d95f69|!|2023-11-16 05:13:00.618|!|INFO|!|     |!|Start generating reports. ReportFileName : D:\eclipse-workspace\ncos\src\main\webapp\WEB-INF\clipreport5/crf/THREAT_ASSET_REPORT_DETAIL.crf|@|
c14e53e45c71049ff89ca4ca902d95f69|!|2023-11-16 05:13:00.618|!|DEBUG|!|     |!|dataset read end|@|
c14e53e45c71049ff89ca4ca902d95f69|!|2023-11-16 05:13:00.619|!|DEBUG|!|     |!|reportpage build start|@|
c14e53e45c71049ff89ca4ca902d95f69|!|2023-11-16 05:13:00.620|!|DEBUG|!|     |!|[JSONDS10] JSONFile load : TimeMillis : 0ms, HH:MM:SS : 00:00:00|@|
c14e53e45c71049ff89ca4ca902d95f69|!|2023-11-16 05:13:00.620|!|DEBUG|!|     |!|[JSONDS10] JSON data load rows : 1|@|
c14e53e45c71049ff89ca4ca902d95f69|!|2023-11-16 05:13:00.620|!|DEBUG|!|     |!|[JSONDS10] JSONMemo read RecordSet TimeMillis : 0ms, HH:MM:SS : 00:00:00|@|
c14e53e45c71049ff89ca4ca902d95f69|!|2023-11-16 05:13:00.621|!|DEBUG|!|     |!|[JSONDS5] JSONFile load : TimeMillis : 0ms, HH:MM:SS : 00:00:00|@|
c14e53e45c71049ff89ca4ca902d95f69|!|2023-11-16 05:13:00.621|!|WARN|!|     |!|[JSONDS5] There is no JSON data.|@|
c14e53e45c71049ff89ca4ca902d95f69|!|2023-11-16 05:13:00.621|!|WARN|!|     |!|[JSONDS5] Not Found Dataset JsonPath - json5|@|
c14e53e45c71049ff89ca4ca902d95f69|!|2023-11-16 05:13:00.621|!|DEBUG|!|     |!|[JSONDS5] JSONMemo read RecordSet TimeMillis : 0ms, HH:MM:SS : 00:00:00|@|
c14e53e45c71049ff89ca4ca902d95f69|!|2023-11-16 05:13:00.621|!|DEBUG|!|     |!|[JSONDS1] JSONFile load : TimeMillis : 0ms, HH:MM:SS : 00:00:00|@|
c14e53e45c71049ff89ca4ca902d95f69|!|2023-11-16 05:13:00.623|!|DEBUG|!|     |!|[JSONDS1] JSON data load rows : 3|@|
c14e53e45c71049ff89ca4ca902d95f69|!|2023-11-16 05:13:00.623|!|DEBUG|!|     |!|[JSONDS1] JSONMemo read RecordSet TimeMillis : 0ms, HH:MM:SS : 00:00:00|@|
c14e53e45c71049ff89ca4ca902d95f69|!|2023-11-16 05:13:00.625|!|DEBUG|!|     |!|[JSONDS3] JSONFile load : TimeMillis : 0ms, HH:MM:SS : 00:00:00|@|
c14e53e45c71049ff89ca4ca902d95f69|!|2023-11-16 05:13:00.625|!|DEBUG|!|     |!|[JSONDS3] JSON data load rows : 3|@|
c14e53e45c71049ff89ca4ca902d95f69|!|2023-11-16 05:13:00.625|!|DEBUG|!|     |!|[JSONDS3] JSONMemo read RecordSet TimeMillis : 0ms, HH:MM:SS : 00:00:00|@|
c14e53e45c71049ff89ca4ca902d95f69|!|2023-11-16 05:13:00.628|!|DEBUG|!|     |!|[JSONDS2] JSONFile load : TimeMillis : 0ms, HH:MM:SS : 00:00:00|@|
c14e53e45c71049ff89ca4ca902d95f69|!|2023-11-16 05:13:00.628|!|DEBUG|!|     |!|[JSONDS2] JSON data load rows : 2|@|
c14e53e45c71049ff89ca4ca902d95f69|!|2023-11-16 05:13:00.628|!|DEBUG|!|     |!|[JSONDS2] JSONMemo read RecordSet TimeMillis : 0ms, HH:MM:SS : 00:00:00|@|
c14e53e45c71049ff89ca4ca902d95f69|!|2023-11-16 05:13:00.630|!|DEBUG|!|     |!|[JSONDS4] JSONFile load : TimeMillis : 1ms, HH:MM:SS : 00:00:00|@|
c14e53e45c71049ff89ca4ca902d95f69|!|2023-11-16 05:13:00.630|!|DEBUG|!|     |!|[JSONDS4] JSON data load rows : 3|@|
c14e53e45c71049ff89ca4ca902d95f69|!|2023-11-16 05:13:00.630|!|DEBUG|!|     |!|[JSONDS4] JSONMemo read RecordSet TimeMillis : 0ms, HH:MM:SS : 00:00:00|@|
c14e53e45c71049ff89ca4ca902d95f69|!|2023-11-16 05:13:00.633|!|DEBUG|!|     |!|[JSONDS9] JSONFile load : TimeMillis : 1ms, HH:MM:SS : 00:00:00|@|
c14e53e45c71049ff89ca4ca902d95f69|!|2023-11-16 05:13:00.633|!|WARN|!|     |!|[JSONDS9] There is no JSON data.|@|
c14e53e45c71049ff89ca4ca902d95f69|!|2023-11-16 05:13:00.633|!|WARN|!|     |!|[JSONDS9] Not Found Dataset JsonPath - json9|@|
c14e53e45c71049ff89ca4ca902d95f69|!|2023-11-16 05:13:00.633|!|DEBUG|!|     |!|[JSONDS9] JSONMemo read RecordSet TimeMillis : 0ms, HH:MM:SS : 00:00:00|@|
c14e53e45c71049ff89ca4ca902d95f69|!|2023-11-16 05:13:00.647|!|DEBUG|!|     |!|[JSONDS6] JSONFile load : TimeMillis : 0ms, HH:MM:SS : 00:00:00|@|
c14e53e45c71049ff89ca4ca902d95f69|!|2023-11-16 05:13:00.647|!|DEBUG|!|     |!|[JSONDS6] JSON data load rows : 4|@|
c14e53e45c71049ff89ca4ca902d95f69|!|2023-11-16 05:13:00.647|!|DEBUG|!|     |!|[JSONDS6] JSONMemo read RecordSet TimeMillis : 0ms, HH:MM:SS : 00:00:00|@|
c14e53e45c71049ff89ca4ca902d95f69|!|2023-11-16 05:13:00.651|!|DEBUG|!|     |!|[JSONDS8] JSONFile load : TimeMillis : 0ms, HH:MM:SS : 00:00:00|@|
c14e53e45c71049ff89ca4ca902d95f69|!|2023-11-16 05:13:00.651|!|DEBUG|!|     |!|[JSONDS8] JSON data load rows : 4|@|
c14e53e45c71049ff89ca4ca902d95f69|!|2023-11-16 05:13:00.652|!|DEBUG|!|     |!|[JSONDS8] JSONMemo read RecordSet TimeMillis : 0ms, HH:MM:SS : 00:00:00|@|
c14e53e45c71049ff89ca4ca902d95f69|!|2023-11-16 05:13:00.655|!|DEBUG|!|     |!|[JSONDS7] JSONFile load : TimeMillis : 0ms, HH:MM:SS : 00:00:00|@|
c14e53e45c71049ff89ca4ca902d95f69|!|2023-11-16 05:13:00.655|!|WARN|!|     |!|[JSONDS7] There is no JSON data.|@|
c14e53e45c71049ff89ca4ca902d95f69|!|2023-11-16 05:13:00.655|!|WARN|!|     |!|[JSONDS7] Not Found Dataset JsonPath - json7|@|
c14e53e45c71049ff89ca4ca902d95f69|!|2023-11-16 05:13:00.655|!|DEBUG|!|     |!|[JSONDS7] JSONMemo read RecordSet TimeMillis : 0ms, HH:MM:SS : 00:00:00|@|
c14e53e45c71049ff89ca4ca902d95f69|!|2023-11-16 05:13:00.662|!|DEBUG|!|     |!|[JSONDS5] JSONMemo RecordSet reUse : JSONDS5|@|
c14e53e45c71049ff89ca4ca902d95f69|!|2023-11-16 05:13:00.666|!|DEBUG|!|     |!|[JSONDS9] JSONMemo RecordSet reUse : JSONDS9|@|
c14e53e45c71049ff89ca4ca902d95f69|!|2023-11-16 05:13:00.667|!|DEBUG|!|     |!|report build end|@|
c14e53e45c71049ff89ca4ca902d95f69|!|2023-11-16 05:13:00.668|!|INFO|!|     |!|Report creation complete.|@|
c14e53e45c71049ff89ca4ca902d95f69|!|2023-11-16 05:13:00.668|!|INFO|!|     |!|Report Build Time : TimeMillis : 50ms, HH:MM:SS : 00:00:00|@|
c14e53e45c71049ff89ca4ca902d95f69|!|2023-11-16 05:13:00.668|!|DEBUG|!|     |!|report end|@|
c14e53e45c71049ff89ca4ca902d95f69|!|2023-11-16 05:13:00.668|!|DEBUG|!|     |!|Total Page Count (4) saved!|@|
c14e53e45c71049ff89ca4ca902d95f69|!|2023-11-16 05:13:00.669|!|DEBUG|!|     |!|Last Document saved!|@|
c14e53e45c71049ff89ca4ca902d95f69|!|2023-11-16 05:13:00.669|!|INFO|!|     |!|Report generation completed.|@|
c61f5f8fc8f244722a7bac3a6bee851bc|!|2023-11-16 05:16:59.544|!|INFO|!|     |!|Report Put in a Thread Pool !!|@|
c61f5f8fc8f244722a7bac3a6bee851bc|!|2023-11-16 05:16:59.544|!|INFO|!|     |!|Report Thread pool Active: 0  ,Wait User : 1|@|
c61f5f8fc8f244722a7bac3a6bee851bc|!|2023-11-16 05:16:59.563|!|DEBUG|!|     |!|Report Read Time : TimeMillis : 16ms, HH:MM:SS : 00:00:00|@|
c61f5f8fc8f244722a7bac3a6bee851bc|!|2023-11-16 05:16:59.576|!|INFO|!|     |!|Start generating reports. ReportFileName : D:\eclipse-workspace\ncos\src\main\webapp\WEB-INF\clipreport5/crf/THREAT_ASSET_REPORT_DETAIL.crf|@|
c61f5f8fc8f244722a7bac3a6bee851bc|!|2023-11-16 05:16:59.576|!|DEBUG|!|     |!|dataset read end|@|
c61f5f8fc8f244722a7bac3a6bee851bc|!|2023-11-16 05:16:59.576|!|DEBUG|!|     |!|reportpage build start|@|
c61f5f8fc8f244722a7bac3a6bee851bc|!|2023-11-16 05:16:59.578|!|DEBUG|!|     |!|[JSONDS10] JSONFile load : TimeMillis : 0ms, HH:MM:SS : 00:00:00|@|
c61f5f8fc8f244722a7bac3a6bee851bc|!|2023-11-16 05:16:59.578|!|DEBUG|!|     |!|[JSONDS10] JSON data load rows : 1|@|
c61f5f8fc8f244722a7bac3a6bee851bc|!|2023-11-16 05:16:59.578|!|DEBUG|!|     |!|[JSONDS10] JSONMemo read RecordSet TimeMillis : 0ms, HH:MM:SS : 00:00:00|@|
c61f5f8fc8f244722a7bac3a6bee851bc|!|2023-11-16 05:16:59.579|!|DEBUG|!|     |!|[JSONDS5] JSONFile load : TimeMillis : 0ms, HH:MM:SS : 00:00:00|@|
c61f5f8fc8f244722a7bac3a6bee851bc|!|2023-11-16 05:16:59.579|!|WARN|!|     |!|[JSONDS5] There is no JSON data.|@|
c61f5f8fc8f244722a7bac3a6bee851bc|!|2023-11-16 05:16:59.579|!|WARN|!|     |!|[JSONDS5] Not Found Dataset JsonPath - json5|@|
c61f5f8fc8f244722a7bac3a6bee851bc|!|2023-11-16 05:16:59.579|!|DEBUG|!|     |!|[JSONDS5] JSONMemo read RecordSet TimeMillis : 0ms, HH:MM:SS : 00:00:00|@|
c61f5f8fc8f244722a7bac3a6bee851bc|!|2023-11-16 05:16:59.579|!|DEBUG|!|     |!|[JSONDS1] JSONFile load : TimeMillis : 0ms, HH:MM:SS : 00:00:00|@|
c61f5f8fc8f244722a7bac3a6bee851bc|!|2023-11-16 05:16:59.579|!|DEBUG|!|     |!|[JSONDS1] JSON data load rows : 3|@|
c61f5f8fc8f244722a7bac3a6bee851bc|!|2023-11-16 05:16:59.579|!|DEBUG|!|     |!|[JSONDS1] JSONMemo read RecordSet TimeMillis : 0ms, HH:MM:SS : 00:00:00|@|
c61f5f8fc8f244722a7bac3a6bee851bc|!|2023-11-16 05:16:59.584|!|DEBUG|!|     |!|[JSONDS3] JSONFile load : TimeMillis : 0ms, HH:MM:SS : 00:00:00|@|
c61f5f8fc8f244722a7bac3a6bee851bc|!|2023-11-16 05:16:59.584|!|DEBUG|!|     |!|[JSONDS3] JSON data load rows : 3|@|
c61f5f8fc8f244722a7bac3a6bee851bc|!|2023-11-16 05:16:59.584|!|DEBUG|!|     |!|[JSONDS3] JSONMemo read RecordSet TimeMillis : 0ms, HH:MM:SS : 00:00:00|@|
c61f5f8fc8f244722a7bac3a6bee851bc|!|2023-11-16 05:16:59.586|!|DEBUG|!|     |!|[JSONDS2] JSONFile load : TimeMillis : 0ms, HH:MM:SS : 00:00:00|@|
c61f5f8fc8f244722a7bac3a6bee851bc|!|2023-11-16 05:16:59.586|!|DEBUG|!|     |!|[JSONDS2] JSON data load rows : 2|@|
c61f5f8fc8f244722a7bac3a6bee851bc|!|2023-11-16 05:16:59.586|!|DEBUG|!|     |!|[JSONDS2] JSONMemo read RecordSet TimeMillis : 0ms, HH:MM:SS : 00:00:00|@|
c61f5f8fc8f244722a7bac3a6bee851bc|!|2023-11-16 05:16:59.587|!|DEBUG|!|     |!|[JSONDS4] JSONFile load : TimeMillis : 0ms, HH:MM:SS : 00:00:00|@|
c61f5f8fc8f244722a7bac3a6bee851bc|!|2023-11-16 05:16:59.587|!|DEBUG|!|     |!|[JSONDS4] JSON data load rows : 4|@|
c61f5f8fc8f244722a7bac3a6bee851bc|!|2023-11-16 05:16:59.587|!|DEBUG|!|     |!|[JSONDS4] JSONMemo read RecordSet TimeMillis : 0ms, HH:MM:SS : 00:00:00|@|
c61f5f8fc8f244722a7bac3a6bee851bc|!|2023-11-16 05:16:59.589|!|DEBUG|!|     |!|[JSONDS9] JSONFile load : TimeMillis : 0ms, HH:MM:SS : 00:00:00|@|
c61f5f8fc8f244722a7bac3a6bee851bc|!|2023-11-16 05:16:59.589|!|WARN|!|     |!|[JSONDS9] There is no JSON data.|@|
c61f5f8fc8f244722a7bac3a6bee851bc|!|2023-11-16 05:16:59.590|!|WARN|!|     |!|[JSONDS9] Not Found Dataset JsonPath - json9|@|
c61f5f8fc8f244722a7bac3a6bee851bc|!|2023-11-16 05:16:59.590|!|DEBUG|!|     |!|[JSONDS9] JSONMemo read RecordSet TimeMillis : 1ms, HH:MM:SS : 00:00:00|@|
c61f5f8fc8f244722a7bac3a6bee851bc|!|2023-11-16 05:16:59.605|!|DEBUG|!|     |!|[JSONDS6] JSONFile load : TimeMillis : 0ms, HH:MM:SS : 00:00:00|@|
c61f5f8fc8f244722a7bac3a6bee851bc|!|2023-11-16 05:16:59.605|!|DEBUG|!|     |!|[JSONDS6] JSON data load rows : 4|@|
c61f5f8fc8f244722a7bac3a6bee851bc|!|2023-11-16 05:16:59.605|!|DEBUG|!|     |!|[JSONDS6] JSONMemo read RecordSet TimeMillis : 0ms, HH:MM:SS : 00:00:00|@|
c61f5f8fc8f244722a7bac3a6bee851bc|!|2023-11-16 05:16:59.607|!|DEBUG|!|     |!|[JSONDS8] JSONFile load : TimeMillis : 0ms, HH:MM:SS : 00:00:00|@|
c61f5f8fc8f244722a7bac3a6bee851bc|!|2023-11-16 05:16:59.607|!|DEBUG|!|     |!|[JSONDS8] JSON data load rows : 4|@|
c61f5f8fc8f244722a7bac3a6bee851bc|!|2023-11-16 05:16:59.607|!|DEBUG|!|     |!|[JSONDS8] JSONMemo read RecordSet TimeMillis : 0ms, HH:MM:SS : 00:00:00|@|
c61f5f8fc8f244722a7bac3a6bee851bc|!|2023-11-16 05:16:59.608|!|DEBUG|!|     |!|[JSONDS7] JSONFile load : TimeMillis : 0ms, HH:MM:SS : 00:00:00|@|
c61f5f8fc8f244722a7bac3a6bee851bc|!|2023-11-16 05:16:59.608|!|WARN|!|     |!|[JSONDS7] There is no JSON data.|@|
c61f5f8fc8f244722a7bac3a6bee851bc|!|2023-11-16 05:16:59.608|!|WARN|!|     |!|[JSONDS7] Not Found Dataset JsonPath - json7|@|
c61f5f8fc8f244722a7bac3a6bee851bc|!|2023-11-16 05:16:59.610|!|DEBUG|!|     |!|[JSONDS7] JSONMemo read RecordSet TimeMillis : 2ms, HH:MM:SS : 00:00:00|@|
c61f5f8fc8f244722a7bac3a6bee851bc|!|2023-11-16 05:16:59.613|!|DEBUG|!|     |!|[JSONDS5] JSONMemo RecordSet reUse : JSONDS5|@|
c61f5f8fc8f244722a7bac3a6bee851bc|!|2023-11-16 05:16:59.615|!|DEBUG|!|     |!|[JSONDS9] JSONMemo RecordSet reUse : JSONDS9|@|
c61f5f8fc8f244722a7bac3a6bee851bc|!|2023-11-16 05:16:59.615|!|DEBUG|!|     |!|report build end|@|
c61f5f8fc8f244722a7bac3a6bee851bc|!|2023-11-16 05:16:59.616|!|INFO|!|     |!|Report creation complete.|@|
c61f5f8fc8f244722a7bac3a6bee851bc|!|2023-11-16 05:16:59.616|!|INFO|!|     |!|Report Build Time : TimeMillis : 40ms, HH:MM:SS : 00:00:00|@|
c61f5f8fc8f244722a7bac3a6bee851bc|!|2023-11-16 05:16:59.616|!|DEBUG|!|     |!|report end|@|
c61f5f8fc8f244722a7bac3a6bee851bc|!|2023-11-16 05:16:59.617|!|DEBUG|!|     |!|Total Page Count (4) saved!|@|
c61f5f8fc8f244722a7bac3a6bee851bc|!|2023-11-16 05:16:59.617|!|DEBUG|!|     |!|Last Document saved!|@|
c61f5f8fc8f244722a7bac3a6bee851bc|!|2023-11-16 05:16:59.618|!|INFO|!|     |!|Report generation completed.|@|
cd9e20b5e4f80402c84bbaae111d23e5b|!|2023-11-16 05:20:29.823|!|INFO|!|     |!|Report Put in a Thread Pool !!|@|
cd9e20b5e4f80402c84bbaae111d23e5b|!|2023-11-16 05:20:29.824|!|INFO|!|     |!|Report Thread pool Active: 1  ,Wait User : 0|@|
cd9e20b5e4f80402c84bbaae111d23e5b|!|2023-11-16 05:20:29.848|!|DEBUG|!|     |!|Report Read Time : TimeMillis : 21ms, HH:MM:SS : 00:00:00|@|
cd9e20b5e4f80402c84bbaae111d23e5b|!|2023-11-16 05:20:29.861|!|INFO|!|     |!|Start generating reports. ReportFileName : D:\eclipse-workspace\ncos\src\main\webapp\WEB-INF\clipreport5/crf/THREAT_ASSET_REPORT_DETAIL.crf|@|
cd9e20b5e4f80402c84bbaae111d23e5b|!|2023-11-16 05:20:29.862|!|DEBUG|!|     |!|dataset read end|@|
cd9e20b5e4f80402c84bbaae111d23e5b|!|2023-11-16 05:20:29.862|!|DEBUG|!|     |!|reportpage build start|@|
cd9e20b5e4f80402c84bbaae111d23e5b|!|2023-11-16 05:20:29.865|!|DEBUG|!|     |!|[JSONDS10] JSONFile load : TimeMillis : 0ms, HH:MM:SS : 00:00:00|@|
cd9e20b5e4f80402c84bbaae111d23e5b|!|2023-11-16 05:20:29.865|!|DEBUG|!|     |!|[JSONDS10] JSON data load rows : 1|@|
cd9e20b5e4f80402c84bbaae111d23e5b|!|2023-11-16 05:20:29.865|!|DEBUG|!|     |!|[JSONDS10] JSONMemo read RecordSet TimeMillis : 0ms, HH:MM:SS : 00:00:00|@|
cd9e20b5e4f80402c84bbaae111d23e5b|!|2023-11-16 05:20:29.866|!|DEBUG|!|     |!|[JSONDS5] JSONFile load : TimeMillis : 0ms, HH:MM:SS : 00:00:00|@|
cd9e20b5e4f80402c84bbaae111d23e5b|!|2023-11-16 05:20:29.866|!|WARN|!|     |!|[JSONDS5] There is no JSON data.|@|
cd9e20b5e4f80402c84bbaae111d23e5b|!|2023-11-16 05:20:29.866|!|WARN|!|     |!|[JSONDS5] Not Found Dataset JsonPath - json5|@|
cd9e20b5e4f80402c84bbaae111d23e5b|!|2023-11-16 05:20:29.866|!|DEBUG|!|     |!|[JSONDS5] JSONMemo read RecordSet TimeMillis : 0ms, HH:MM:SS : 00:00:00|@|
cd9e20b5e4f80402c84bbaae111d23e5b|!|2023-11-16 05:20:29.867|!|DEBUG|!|     |!|[JSONDS1] JSONFile load : TimeMillis : 0ms, HH:MM:SS : 00:00:00|@|
cd9e20b5e4f80402c84bbaae111d23e5b|!|2023-11-16 05:20:29.867|!|DEBUG|!|     |!|[JSONDS1] JSON data load rows : 3|@|
cd9e20b5e4f80402c84bbaae111d23e5b|!|2023-11-16 05:20:29.867|!|DEBUG|!|     |!|[JSONDS1] JSONMemo read RecordSet TimeMillis : 0ms, HH:MM:SS : 00:00:00|@|
cd9e20b5e4f80402c84bbaae111d23e5b|!|2023-11-16 05:20:29.870|!|DEBUG|!|     |!|[JSONDS3] JSONFile load : TimeMillis : 0ms, HH:MM:SS : 00:00:00|@|
cd9e20b5e4f80402c84bbaae111d23e5b|!|2023-11-16 05:20:29.871|!|DEBUG|!|     |!|[JSONDS3] JSON data load rows : 3|@|
cd9e20b5e4f80402c84bbaae111d23e5b|!|2023-11-16 05:20:29.871|!|DEBUG|!|     |!|[JSONDS3] JSONMemo read RecordSet TimeMillis : 0ms, HH:MM:SS : 00:00:00|@|
cd9e20b5e4f80402c84bbaae111d23e5b|!|2023-11-16 05:20:29.873|!|DEBUG|!|     |!|[JSONDS2] JSONFile load : TimeMillis : 0ms, HH:MM:SS : 00:00:00|@|
cd9e20b5e4f80402c84bbaae111d23e5b|!|2023-11-16 05:20:29.873|!|DEBUG|!|     |!|[JSONDS2] JSON data load rows : 2|@|
cd9e20b5e4f80402c84bbaae111d23e5b|!|2023-11-16 05:20:29.873|!|DEBUG|!|     |!|[JSONDS2] JSONMemo read RecordSet TimeMillis : 0ms, HH:MM:SS : 00:00:00|@|
cd9e20b5e4f80402c84bbaae111d23e5b|!|2023-11-16 05:20:29.874|!|DEBUG|!|     |!|[JSONDS4] JSONFile load : TimeMillis : 0ms, HH:MM:SS : 00:00:00|@|
cd9e20b5e4f80402c84bbaae111d23e5b|!|2023-11-16 05:20:29.874|!|DEBUG|!|     |!|[JSONDS4] JSON data load rows : 4|@|
cd9e20b5e4f80402c84bbaae111d23e5b|!|2023-11-16 05:20:29.875|!|DEBUG|!|     |!|[JSONDS4] JSONMemo read RecordSet TimeMillis : 0ms, HH:MM:SS : 00:00:00|@|
cd9e20b5e4f80402c84bbaae111d23e5b|!|2023-11-16 05:20:29.877|!|DEBUG|!|     |!|[JSONDS9] JSONFile load : TimeMillis : 0ms, HH:MM:SS : 00:00:00|@|
cd9e20b5e4f80402c84bbaae111d23e5b|!|2023-11-16 05:20:29.877|!|WARN|!|     |!|[JSONDS9] There is no JSON data.|@|
cd9e20b5e4f80402c84bbaae111d23e5b|!|2023-11-16 05:20:29.877|!|WARN|!|     |!|[JSONDS9] Not Found Dataset JsonPath - json9|@|
cd9e20b5e4f80402c84bbaae111d23e5b|!|2023-11-16 05:20:29.878|!|DEBUG|!|     |!|[JSONDS9] JSONMemo read RecordSet TimeMillis : 0ms, HH:MM:SS : 00:00:00|@|
cd9e20b5e4f80402c84bbaae111d23e5b|!|2023-11-16 05:20:29.893|!|DEBUG|!|     |!|[JSONDS6] JSONFile load : TimeMillis : 0ms, HH:MM:SS : 00:00:00|@|
cd9e20b5e4f80402c84bbaae111d23e5b|!|2023-11-16 05:20:29.894|!|DEBUG|!|     |!|[JSONDS6] JSON data load rows : 4|@|
cd9e20b5e4f80402c84bbaae111d23e5b|!|2023-11-16 05:20:29.894|!|DEBUG|!|     |!|[JSONDS6] JSONMemo read RecordSet TimeMillis : 1ms, HH:MM:SS : 00:00:00|@|
cd9e20b5e4f80402c84bbaae111d23e5b|!|2023-11-16 05:20:29.895|!|DEBUG|!|     |!|[JSONDS8] JSONFile load : TimeMillis : 0ms, HH:MM:SS : 00:00:00|@|
cd9e20b5e4f80402c84bbaae111d23e5b|!|2023-11-16 05:20:29.896|!|DEBUG|!|     |!|[JSONDS8] JSON data load rows : 4|@|
cd9e20b5e4f80402c84bbaae111d23e5b|!|2023-11-16 05:20:29.896|!|DEBUG|!|     |!|[JSONDS8] JSONMemo read RecordSet TimeMillis : 0ms, HH:MM:SS : 00:00:00|@|
cd9e20b5e4f80402c84bbaae111d23e5b|!|2023-11-16 05:20:29.898|!|DEBUG|!|     |!|[JSONDS7] JSONFile load : TimeMillis : 0ms, HH:MM:SS : 00:00:00|@|
cd9e20b5e4f80402c84bbaae111d23e5b|!|2023-11-16 05:20:29.898|!|WARN|!|     |!|[JSONDS7] There is no JSON data.|@|
cd9e20b5e4f80402c84bbaae111d23e5b|!|2023-11-16 05:20:29.898|!|WARN|!|     |!|[JSONDS7] Not Found Dataset JsonPath - json7|@|
cd9e20b5e4f80402c84bbaae111d23e5b|!|2023-11-16 05:20:29.899|!|DEBUG|!|     |!|[JSONDS7] JSONMemo read RecordSet TimeMillis : 0ms, HH:MM:SS : 00:00:00|@|
cd9e20b5e4f80402c84bbaae111d23e5b|!|2023-11-16 05:20:29.902|!|DEBUG|!|     |!|[JSONDS5] JSONMemo RecordSet reUse : JSONDS5|@|
cd9e20b5e4f80402c84bbaae111d23e5b|!|2023-11-16 05:20:29.904|!|DEBUG|!|     |!|[JSONDS9] JSONMemo RecordSet reUse : JSONDS9|@|
cd9e20b5e4f80402c84bbaae111d23e5b|!|2023-11-16 05:20:29.905|!|DEBUG|!|     |!|report build end|@|
cd9e20b5e4f80402c84bbaae111d23e5b|!|2023-11-16 05:20:29.906|!|INFO|!|     |!|Report creation complete.|@|
cd9e20b5e4f80402c84bbaae111d23e5b|!|2023-11-16 05:20:29.906|!|INFO|!|     |!|Report Build Time : TimeMillis : 45ms, HH:MM:SS : 00:00:00|@|
cd9e20b5e4f80402c84bbaae111d23e5b|!|2023-11-16 05:20:29.906|!|DEBUG|!|     |!|report end|@|
cd9e20b5e4f80402c84bbaae111d23e5b|!|2023-11-16 05:20:29.907|!|DEBUG|!|     |!|Total Page Count (4) saved!|@|
cd9e20b5e4f80402c84bbaae111d23e5b|!|2023-11-16 05:20:29.908|!|DEBUG|!|     |!|Last Document saved!|@|
cd9e20b5e4f80402c84bbaae111d23e5b|!|2023-11-16 05:20:29.909|!|INFO|!|     |!|Report generation completed.|@|
c125c06644e694e8cb8933f997183c6f1|!|2023-11-16 05:27:24.746|!|INFO|!|     |!|Report Put in a Thread Pool !!|@|
c125c06644e694e8cb8933f997183c6f1|!|2023-11-16 05:27:24.747|!|INFO|!|     |!|Report Thread pool Active: 1  ,Wait User : 0|@|
c125c06644e694e8cb8933f997183c6f1|!|2023-11-16 05:27:24.770|!|DEBUG|!|     |!|Report Read Time : TimeMillis : 22ms, HH:MM:SS : 00:00:00|@|
c125c06644e694e8cb8933f997183c6f1|!|2023-11-16 05:27:24.774|!|INFO|!|     |!|Start generating reports. ReportFileName : D:\eclipse-workspace\ncos\src\main\webapp\WEB-INF\clipreport5/crf/THREAT_ASSET_REPORT_DETAIL.crf|@|
c125c06644e694e8cb8933f997183c6f1|!|2023-11-16 05:27:24.776|!|DEBUG|!|     |!|dataset read end|@|
c125c06644e694e8cb8933f997183c6f1|!|2023-11-16 05:27:24.776|!|DEBUG|!|     |!|reportpage build start|@|
c125c06644e694e8cb8933f997183c6f1|!|2023-11-16 05:27:24.781|!|DEBUG|!|     |!|[JSONDS10] JSONFile load : TimeMillis : 1ms, HH:MM:SS : 00:00:00|@|
c125c06644e694e8cb8933f997183c6f1|!|2023-11-16 05:27:24.782|!|DEBUG|!|     |!|[JSONDS10] JSON data load rows : 1|@|
c125c06644e694e8cb8933f997183c6f1|!|2023-11-16 05:27:24.783|!|DEBUG|!|     |!|[JSONDS10] JSONMemo read RecordSet TimeMillis : 1ms, HH:MM:SS : 00:00:00|@|
c125c06644e694e8cb8933f997183c6f1|!|2023-11-16 05:27:24.783|!|DEBUG|!|     |!|[JSONDS5] JSONFile load : TimeMillis : 0ms, HH:MM:SS : 00:00:00|@|
c125c06644e694e8cb8933f997183c6f1|!|2023-11-16 05:27:24.783|!|WARN|!|     |!|[JSONDS5] There is no JSON data.|@|
c125c06644e694e8cb8933f997183c6f1|!|2023-11-16 05:27:24.784|!|WARN|!|     |!|[JSONDS5] Not Found Dataset JsonPath - json5|@|
c125c06644e694e8cb8933f997183c6f1|!|2023-11-16 05:27:24.784|!|DEBUG|!|     |!|[JSONDS5] JSONMemo read RecordSet TimeMillis : 1ms, HH:MM:SS : 00:00:00|@|
c125c06644e694e8cb8933f997183c6f1|!|2023-11-16 05:27:24.785|!|DEBUG|!|     |!|[JSONDS1] JSONFile load : TimeMillis : 0ms, HH:MM:SS : 00:00:00|@|
c125c06644e694e8cb8933f997183c6f1|!|2023-11-16 05:27:24.786|!|DEBUG|!|     |!|[JSONDS1] JSON data load rows : 3|@|
c125c06644e694e8cb8933f997183c6f1|!|2023-11-16 05:27:24.786|!|DEBUG|!|     |!|[JSONDS1] JSONMemo read RecordSet TimeMillis : 1ms, HH:MM:SS : 00:00:00|@|
c125c06644e694e8cb8933f997183c6f1|!|2023-11-16 05:27:24.790|!|DEBUG|!|     |!|[JSONDS3] JSONFile load : TimeMillis : 0ms, HH:MM:SS : 00:00:00|@|
c125c06644e694e8cb8933f997183c6f1|!|2023-11-16 05:27:24.790|!|DEBUG|!|     |!|[JSONDS3] JSON data load rows : 3|@|
c125c06644e694e8cb8933f997183c6f1|!|2023-11-16 05:27:24.790|!|DEBUG|!|     |!|[JSONDS3] JSONMemo read RecordSet TimeMillis : 0ms, HH:MM:SS : 00:00:00|@|
c125c06644e694e8cb8933f997183c6f1|!|2023-11-16 05:27:24.791|!|DEBUG|!|     |!|[JSONDS2] JSONFile load : TimeMillis : 0ms, HH:MM:SS : 00:00:00|@|
c125c06644e694e8cb8933f997183c6f1|!|2023-11-16 05:27:24.792|!|DEBUG|!|     |!|[JSONDS2] JSON data load rows : 2|@|
c125c06644e694e8cb8933f997183c6f1|!|2023-11-16 05:27:24.793|!|DEBUG|!|     |!|[JSONDS2] JSONMemo read RecordSet TimeMillis : 1ms, HH:MM:SS : 00:00:00|@|
c125c06644e694e8cb8933f997183c6f1|!|2023-11-16 05:27:24.795|!|DEBUG|!|     |!|[JSONDS4] JSONFile load : TimeMillis : 0ms, HH:MM:SS : 00:00:00|@|
c125c06644e694e8cb8933f997183c6f1|!|2023-11-16 05:27:24.795|!|DEBUG|!|     |!|[JSONDS4] JSON data load rows : 4|@|
c125c06644e694e8cb8933f997183c6f1|!|2023-11-16 05:27:24.796|!|DEBUG|!|     |!|[JSONDS4] JSONMemo read RecordSet TimeMillis : 0ms, HH:MM:SS : 00:00:00|@|
c125c06644e694e8cb8933f997183c6f1|!|2023-11-16 05:27:24.801|!|DEBUG|!|     |!|[JSONDS9] JSONFile load : TimeMillis : 0ms, HH:MM:SS : 00:00:00|@|
c125c06644e694e8cb8933f997183c6f1|!|2023-11-16 05:27:24.802|!|WARN|!|     |!|[JSONDS9] There is no JSON data.|@|
c125c06644e694e8cb8933f997183c6f1|!|2023-11-16 05:27:24.802|!|WARN|!|     |!|[JSONDS9] Not Found Dataset JsonPath - json9|@|
c125c06644e694e8cb8933f997183c6f1|!|2023-11-16 05:27:24.802|!|DEBUG|!|     |!|[JSONDS9] JSONMemo read RecordSet TimeMillis : 0ms, HH:MM:SS : 00:00:00|@|
c125c06644e694e8cb8933f997183c6f1|!|2023-11-16 05:27:24.821|!|DEBUG|!|     |!|[JSONDS6] JSONFile load : TimeMillis : 0ms, HH:MM:SS : 00:00:00|@|
c125c06644e694e8cb8933f997183c6f1|!|2023-11-16 05:27:24.822|!|DEBUG|!|     |!|[JSONDS6] JSON data load rows : 4|@|
c125c06644e694e8cb8933f997183c6f1|!|2023-11-16 05:27:24.822|!|DEBUG|!|     |!|[JSONDS6] JSONMemo read RecordSet TimeMillis : 1ms, HH:MM:SS : 00:00:00|@|
c125c06644e694e8cb8933f997183c6f1|!|2023-11-16 05:27:24.824|!|DEBUG|!|     |!|[JSONDS8] JSONFile load : TimeMillis : 0ms, HH:MM:SS : 00:00:00|@|
c125c06644e694e8cb8933f997183c6f1|!|2023-11-16 05:27:24.825|!|DEBUG|!|     |!|[JSONDS8] JSON data load rows : 4|@|
c125c06644e694e8cb8933f997183c6f1|!|2023-11-16 05:27:24.825|!|DEBUG|!|     |!|[JSONDS8] JSONMemo read RecordSet TimeMillis : 0ms, HH:MM:SS : 00:00:00|@|
c125c06644e694e8cb8933f997183c6f1|!|2023-11-16 05:27:24.827|!|DEBUG|!|     |!|[JSONDS7] JSONFile load : TimeMillis : 0ms, HH:MM:SS : 00:00:00|@|
c125c06644e694e8cb8933f997183c6f1|!|2023-11-16 05:27:24.827|!|WARN|!|     |!|[JSONDS7] There is no JSON data.|@|
c125c06644e694e8cb8933f997183c6f1|!|2023-11-16 05:27:24.827|!|WARN|!|     |!|[JSONDS7] Not Found Dataset JsonPath - json7|@|
c125c06644e694e8cb8933f997183c6f1|!|2023-11-16 05:27:24.827|!|DEBUG|!|     |!|[JSONDS7] JSONMemo read RecordSet TimeMillis : 0ms, HH:MM:SS : 00:00:00|@|
c125c06644e694e8cb8933f997183c6f1|!|2023-11-16 05:27:24.834|!|DEBUG|!|     |!|[JSONDS5] JSONMemo RecordSet reUse : JSONDS5|@|
c125c06644e694e8cb8933f997183c6f1|!|2023-11-16 05:27:24.837|!|DEBUG|!|     |!|[JSONDS9] JSONMemo RecordSet reUse : JSONDS9|@|
c125c06644e694e8cb8933f997183c6f1|!|2023-11-16 05:27:24.837|!|DEBUG|!|     |!|report build end|@|
c125c06644e694e8cb8933f997183c6f1|!|2023-11-16 05:27:24.838|!|INFO|!|     |!|Report creation complete.|@|
c125c06644e694e8cb8933f997183c6f1|!|2023-11-16 05:27:24.839|!|INFO|!|     |!|Report Build Time : TimeMillis : 64ms, HH:MM:SS : 00:00:00|@|
c125c06644e694e8cb8933f997183c6f1|!|2023-11-16 05:27:24.839|!|DEBUG|!|     |!|report end|@|
c125c06644e694e8cb8933f997183c6f1|!|2023-11-16 05:27:24.839|!|DEBUG|!|     |!|Total Page Count (4) saved!|@|
c125c06644e694e8cb8933f997183c6f1|!|2023-11-16 05:27:24.839|!|DEBUG|!|     |!|Last Document saved!|@|
c125c06644e694e8cb8933f997183c6f1|!|2023-11-16 05:27:24.840|!|INFO|!|     |!|Report generation completed.|@|
ca55d1da4b4244953bf00ab0a743e41b9|!|2023-11-16 05:31:22.625|!|INFO|!|     |!|Report Put in a Thread Pool !!|@|
ca55d1da4b4244953bf00ab0a743e41b9|!|2023-11-16 05:31:22.625|!|INFO|!|     |!|Report Thread pool Active: 1  ,Wait User : 0|@|
ca55d1da4b4244953bf00ab0a743e41b9|!|2023-11-16 05:31:22.649|!|DEBUG|!|     |!|Report Read Time : TimeMillis : 22ms, HH:MM:SS : 00:00:00|@|
ca55d1da4b4244953bf00ab0a743e41b9|!|2023-11-16 05:31:22.663|!|INFO|!|     |!|Start generating reports. ReportFileName : D:\eclipse-workspace\ncos\src\main\webapp\WEB-INF\clipreport5/crf/THREAT_ASSET_REPORT_DETAIL.crf|@|
ca55d1da4b4244953bf00ab0a743e41b9|!|2023-11-16 05:31:22.664|!|DEBUG|!|     |!|dataset read end|@|
ca55d1da4b4244953bf00ab0a743e41b9|!|2023-11-16 05:31:22.664|!|DEBUG|!|     |!|reportpage build start|@|
ca55d1da4b4244953bf00ab0a743e41b9|!|2023-11-16 05:31:22.665|!|DEBUG|!|     |!|[JSONDS10] JSONFile load : TimeMillis : 0ms, HH:MM:SS : 00:00:00|@|
ca55d1da4b4244953bf00ab0a743e41b9|!|2023-11-16 05:31:22.665|!|DEBUG|!|     |!|[JSONDS10] JSON data load rows : 1|@|
ca55d1da4b4244953bf00ab0a743e41b9|!|2023-11-16 05:31:22.665|!|DEBUG|!|     |!|[JSONDS10] JSONMemo read RecordSet TimeMillis : 0ms, HH:MM:SS : 00:00:00|@|
ca55d1da4b4244953bf00ab0a743e41b9|!|2023-11-16 05:31:22.666|!|DEBUG|!|     |!|[JSONDS5] JSONFile load : TimeMillis : 0ms, HH:MM:SS : 00:00:00|@|
ca55d1da4b4244953bf00ab0a743e41b9|!|2023-11-16 05:31:22.666|!|WARN|!|     |!|[JSONDS5] There is no JSON data.|@|
ca55d1da4b4244953bf00ab0a743e41b9|!|2023-11-16 05:31:22.666|!|WARN|!|     |!|[JSONDS5] Not Found Dataset JsonPath - json5|@|
ca55d1da4b4244953bf00ab0a743e41b9|!|2023-11-16 05:31:22.666|!|DEBUG|!|     |!|[JSONDS5] JSONMemo read RecordSet TimeMillis : 0ms, HH:MM:SS : 00:00:00|@|
ca55d1da4b4244953bf00ab0a743e41b9|!|2023-11-16 05:31:22.667|!|DEBUG|!|     |!|[JSONDS1] JSONFile load : TimeMillis : 0ms, HH:MM:SS : 00:00:00|@|
ca55d1da4b4244953bf00ab0a743e41b9|!|2023-11-16 05:31:22.667|!|DEBUG|!|     |!|[JSONDS1] JSON data load rows : 3|@|
ca55d1da4b4244953bf00ab0a743e41b9|!|2023-11-16 05:31:22.667|!|DEBUG|!|     |!|[JSONDS1] JSONMemo read RecordSet TimeMillis : 0ms, HH:MM:SS : 00:00:00|@|
ca55d1da4b4244953bf00ab0a743e41b9|!|2023-11-16 05:31:22.670|!|DEBUG|!|     |!|[JSONDS3] JSONFile load : TimeMillis : 0ms, HH:MM:SS : 00:00:00|@|
ca55d1da4b4244953bf00ab0a743e41b9|!|2023-11-16 05:31:22.670|!|DEBUG|!|     |!|[JSONDS3] JSON data load rows : 3|@|
ca55d1da4b4244953bf00ab0a743e41b9|!|2023-11-16 05:31:22.670|!|DEBUG|!|     |!|[JSONDS3] JSONMemo read RecordSet TimeMillis : 0ms, HH:MM:SS : 00:00:00|@|
ca55d1da4b4244953bf00ab0a743e41b9|!|2023-11-16 05:31:22.673|!|DEBUG|!|     |!|[JSONDS2] JSONFile load : TimeMillis : 1ms, HH:MM:SS : 00:00:00|@|
ca55d1da4b4244953bf00ab0a743e41b9|!|2023-11-16 05:31:22.673|!|DEBUG|!|     |!|[JSONDS2] JSON data load rows : 2|@|
ca55d1da4b4244953bf00ab0a743e41b9|!|2023-11-16 05:31:22.674|!|DEBUG|!|     |!|[JSONDS2] JSONMemo read RecordSet TimeMillis : 1ms, HH:MM:SS : 00:00:00|@|
ca55d1da4b4244953bf00ab0a743e41b9|!|2023-11-16 05:31:22.676|!|DEBUG|!|     |!|[JSONDS4] JSONFile load : TimeMillis : 0ms, HH:MM:SS : 00:00:00|@|
ca55d1da4b4244953bf00ab0a743e41b9|!|2023-11-16 05:31:22.676|!|DEBUG|!|     |!|[JSONDS4] JSON data load rows : 6|@|
ca55d1da4b4244953bf00ab0a743e41b9|!|2023-11-16 05:31:22.676|!|DEBUG|!|     |!|[JSONDS4] JSONMemo read RecordSet TimeMillis : 0ms, HH:MM:SS : 00:00:00|@|
ca55d1da4b4244953bf00ab0a743e41b9|!|2023-11-16 05:31:22.681|!|DEBUG|!|     |!|[JSONDS9] JSONFile load : TimeMillis : 1ms, HH:MM:SS : 00:00:00|@|
ca55d1da4b4244953bf00ab0a743e41b9|!|2023-11-16 05:31:22.681|!|WARN|!|     |!|[JSONDS9] There is no JSON data.|@|
ca55d1da4b4244953bf00ab0a743e41b9|!|2023-11-16 05:31:22.681|!|WARN|!|     |!|[JSONDS9] Not Found Dataset JsonPath - json9|@|
ca55d1da4b4244953bf00ab0a743e41b9|!|2023-11-16 05:31:22.681|!|DEBUG|!|     |!|[JSONDS9] JSONMemo read RecordSet TimeMillis : 0ms, HH:MM:SS : 00:00:00|@|
ca55d1da4b4244953bf00ab0a743e41b9|!|2023-11-16 05:31:22.701|!|DEBUG|!|     |!|[JSONDS6] JSONFile load : TimeMillis : 1ms, HH:MM:SS : 00:00:00|@|
ca55d1da4b4244953bf00ab0a743e41b9|!|2023-11-16 05:31:22.701|!|DEBUG|!|     |!|[JSONDS6] JSON data load rows : 4|@|
ca55d1da4b4244953bf00ab0a743e41b9|!|2023-11-16 05:31:22.701|!|DEBUG|!|     |!|[JSONDS6] JSONMemo read RecordSet TimeMillis : 0ms, HH:MM:SS : 00:00:00|@|
ca55d1da4b4244953bf00ab0a743e41b9|!|2023-11-16 05:31:22.706|!|DEBUG|!|     |!|[JSONDS8] JSONFile load : TimeMillis : 0ms, HH:MM:SS : 00:00:00|@|
ca55d1da4b4244953bf00ab0a743e41b9|!|2023-11-16 05:31:22.706|!|DEBUG|!|     |!|[JSONDS8] JSON data load rows : 4|@|
ca55d1da4b4244953bf00ab0a743e41b9|!|2023-11-16 05:31:22.708|!|DEBUG|!|     |!|[JSONDS8] JSONMemo read RecordSet TimeMillis : 1ms, HH:MM:SS : 00:00:00|@|
ca55d1da4b4244953bf00ab0a743e41b9|!|2023-11-16 05:31:22.712|!|DEBUG|!|     |!|[JSONDS7] JSONFile load : TimeMillis : 0ms, HH:MM:SS : 00:00:00|@|
ca55d1da4b4244953bf00ab0a743e41b9|!|2023-11-16 05:31:22.713|!|WARN|!|     |!|[JSONDS7] There is no JSON data.|@|
ca55d1da4b4244953bf00ab0a743e41b9|!|2023-11-16 05:31:22.713|!|WARN|!|     |!|[JSONDS7] Not Found Dataset JsonPath - json7|@|
ca55d1da4b4244953bf00ab0a743e41b9|!|2023-11-16 05:31:22.714|!|DEBUG|!|     |!|[JSONDS7] JSONMemo read RecordSet TimeMillis : 0ms, HH:MM:SS : 00:00:00|@|
ca55d1da4b4244953bf00ab0a743e41b9|!|2023-11-16 05:31:22.722|!|DEBUG|!|     |!|[JSONDS5] JSONMemo RecordSet reUse : JSONDS5|@|
ca55d1da4b4244953bf00ab0a743e41b9|!|2023-11-16 05:31:22.725|!|DEBUG|!|     |!|[JSONDS9] JSONMemo RecordSet reUse : JSONDS9|@|
ca55d1da4b4244953bf00ab0a743e41b9|!|2023-11-16 05:31:22.726|!|DEBUG|!|     |!|report build end|@|
ca55d1da4b4244953bf00ab0a743e41b9|!|2023-11-16 05:31:22.727|!|INFO|!|     |!|Report creation complete.|@|
ca55d1da4b4244953bf00ab0a743e41b9|!|2023-11-16 05:31:22.727|!|INFO|!|     |!|Report Build Time : TimeMillis : 64ms, HH:MM:SS : 00:00:00|@|
ca55d1da4b4244953bf00ab0a743e41b9|!|2023-11-16 05:31:22.727|!|DEBUG|!|     |!|report end|@|
ca55d1da4b4244953bf00ab0a743e41b9|!|2023-11-16 05:31:22.728|!|DEBUG|!|     |!|Total Page Count (4) saved!|@|
ca55d1da4b4244953bf00ab0a743e41b9|!|2023-11-16 05:31:22.728|!|DEBUG|!|     |!|Last Document saved!|@|
ca55d1da4b4244953bf00ab0a743e41b9|!|2023-11-16 05:31:22.729|!|INFO|!|     |!|Report generation completed.|@|
c055c4a45266e4f57bd5d605003e9d525|!|2023-11-16 05:32:02.026|!|INFO|!|     |!|Report Put in a Thread Pool !!|@|
c055c4a45266e4f57bd5d605003e9d525|!|2023-11-16 05:32:02.026|!|INFO|!|     |!|Report Thread pool Active: 1  ,Wait User : 0|@|
c055c4a45266e4f57bd5d605003e9d525|!|2023-11-16 05:32:02.042|!|DEBUG|!|     |!|Report Read Time : TimeMillis : 15ms, HH:MM:SS : 00:00:00|@|
c055c4a45266e4f57bd5d605003e9d525|!|2023-11-16 05:32:02.059|!|INFO|!|     |!|Start generating reports. ReportFileName : D:\eclipse-workspace\ncos\src\main\webapp\WEB-INF\clipreport5/crf/THREAT_ASSET_REPORT_DETAIL.crf|@|
c055c4a45266e4f57bd5d605003e9d525|!|2023-11-16 05:32:02.060|!|DEBUG|!|     |!|dataset read end|@|
c055c4a45266e4f57bd5d605003e9d525|!|2023-11-16 05:32:02.060|!|DEBUG|!|     |!|reportpage build start|@|
c055c4a45266e4f57bd5d605003e9d525|!|2023-11-16 05:32:02.061|!|DEBUG|!|     |!|[JSONDS10] JSONFile load : TimeMillis : 0ms, HH:MM:SS : 00:00:00|@|
c055c4a45266e4f57bd5d605003e9d525|!|2023-11-16 05:32:02.061|!|DEBUG|!|     |!|[JSONDS10] JSON data load rows : 1|@|
c055c4a45266e4f57bd5d605003e9d525|!|2023-11-16 05:32:02.061|!|DEBUG|!|     |!|[JSONDS10] JSONMemo read RecordSet TimeMillis : 0ms, HH:MM:SS : 00:00:00|@|
c055c4a45266e4f57bd5d605003e9d525|!|2023-11-16 05:32:02.062|!|DEBUG|!|     |!|[JSONDS5] JSONFile load : TimeMillis : 0ms, HH:MM:SS : 00:00:00|@|
c055c4a45266e4f57bd5d605003e9d525|!|2023-11-16 05:32:02.062|!|WARN|!|     |!|[JSONDS5] There is no JSON data.|@|
c055c4a45266e4f57bd5d605003e9d525|!|2023-11-16 05:32:02.062|!|WARN|!|     |!|[JSONDS5] Not Found Dataset JsonPath - json5|@|
c055c4a45266e4f57bd5d605003e9d525|!|2023-11-16 05:32:02.062|!|DEBUG|!|     |!|[JSONDS5] JSONMemo read RecordSet TimeMillis : 0ms, HH:MM:SS : 00:00:00|@|
c055c4a45266e4f57bd5d605003e9d525|!|2023-11-16 05:32:02.062|!|DEBUG|!|     |!|[JSONDS1] JSONFile load : TimeMillis : 0ms, HH:MM:SS : 00:00:00|@|
c055c4a45266e4f57bd5d605003e9d525|!|2023-11-16 05:32:02.063|!|WARN|!|     |!|[JSONDS1] There is no selectnode JsonPath - percentage|@|
c055c4a45266e4f57bd5d605003e9d525|!|2023-11-16 05:32:02.063|!|WARN|!|     |!|[JSONDS1] There is no selectnode JsonPath - percentage|@|
c055c4a45266e4f57bd5d605003e9d525|!|2023-11-16 05:32:02.063|!|WARN|!|     |!|[JSONDS1] There is no selectnode JsonPath - percentage|@|
c055c4a45266e4f57bd5d605003e9d525|!|2023-11-16 05:32:02.063|!|DEBUG|!|     |!|[JSONDS1] JSON data load rows : 3|@|
c055c4a45266e4f57bd5d605003e9d525|!|2023-11-16 05:32:02.063|!|DEBUG|!|     |!|[JSONDS1] JSONMemo read RecordSet TimeMillis : 1ms, HH:MM:SS : 00:00:00|@|
c055c4a45266e4f57bd5d605003e9d525|!|2023-11-16 05:32:02.066|!|DEBUG|!|     |!|[JSONDS3] JSONFile load : TimeMillis : 0ms, HH:MM:SS : 00:00:00|@|
c055c4a45266e4f57bd5d605003e9d525|!|2023-11-16 05:32:02.066|!|DEBUG|!|     |!|[JSONDS3] JSON data load rows : 3|@|
c055c4a45266e4f57bd5d605003e9d525|!|2023-11-16 05:32:02.066|!|DEBUG|!|     |!|[JSONDS3] JSONMemo read RecordSet TimeMillis : 0ms, HH:MM:SS : 00:00:00|@|
c055c4a45266e4f57bd5d605003e9d525|!|2023-11-16 05:32:02.068|!|DEBUG|!|     |!|[JSONDS2] JSONFile load : TimeMillis : 0ms, HH:MM:SS : 00:00:00|@|
c055c4a45266e4f57bd5d605003e9d525|!|2023-11-16 05:32:02.068|!|DEBUG|!|     |!|[JSONDS2] JSON data load rows : 2|@|
c055c4a45266e4f57bd5d605003e9d525|!|2023-11-16 05:32:02.068|!|DEBUG|!|     |!|[JSONDS2] JSONMemo read RecordSet TimeMillis : 0ms, HH:MM:SS : 00:00:00|@|
c055c4a45266e4f57bd5d605003e9d525|!|2023-11-16 05:32:02.069|!|DEBUG|!|     |!|[JSONDS4] JSONFile load : TimeMillis : 0ms, HH:MM:SS : 00:00:00|@|
c055c4a45266e4f57bd5d605003e9d525|!|2023-11-16 05:32:02.069|!|DEBUG|!|     |!|[JSONDS4] JSON data load rows : 7|@|
c055c4a45266e4f57bd5d605003e9d525|!|2023-11-16 05:32:02.069|!|DEBUG|!|     |!|[JSONDS4] JSONMemo read RecordSet TimeMillis : 0ms, HH:MM:SS : 00:00:00|@|
c055c4a45266e4f57bd5d605003e9d525|!|2023-11-16 05:32:02.075|!|DEBUG|!|     |!|[JSONDS9] JSONFile load : TimeMillis : 0ms, HH:MM:SS : 00:00:00|@|
c055c4a45266e4f57bd5d605003e9d525|!|2023-11-16 05:32:02.075|!|WARN|!|     |!|[JSONDS9] There is no JSON data.|@|
c055c4a45266e4f57bd5d605003e9d525|!|2023-11-16 05:32:02.075|!|WARN|!|     |!|[JSONDS9] Not Found Dataset JsonPath - json9|@|
c055c4a45266e4f57bd5d605003e9d525|!|2023-11-16 05:32:02.075|!|DEBUG|!|     |!|[JSONDS9] JSONMemo read RecordSet TimeMillis : 0ms, HH:MM:SS : 00:00:00|@|
c055c4a45266e4f57bd5d605003e9d525|!|2023-11-16 05:32:02.091|!|DEBUG|!|     |!|[JSONDS6] JSONFile load : TimeMillis : 0ms, HH:MM:SS : 00:00:00|@|
c055c4a45266e4f57bd5d605003e9d525|!|2023-11-16 05:32:02.092|!|DEBUG|!|     |!|[JSONDS6] JSON data load rows : 4|@|
c055c4a45266e4f57bd5d605003e9d525|!|2023-11-16 05:32:02.092|!|DEBUG|!|     |!|[JSONDS6] JSONMemo read RecordSet TimeMillis : 0ms, HH:MM:SS : 00:00:00|@|
c055c4a45266e4f57bd5d605003e9d525|!|2023-11-16 05:32:02.095|!|DEBUG|!|     |!|[JSONDS8] JSONFile load : TimeMillis : 1ms, HH:MM:SS : 00:00:00|@|
c055c4a45266e4f57bd5d605003e9d525|!|2023-11-16 05:32:02.095|!|DEBUG|!|     |!|[JSONDS8] JSON data load rows : 4|@|
c055c4a45266e4f57bd5d605003e9d525|!|2023-11-16 05:32:02.095|!|DEBUG|!|     |!|[JSONDS8] JSONMemo read RecordSet TimeMillis : 0ms, HH:MM:SS : 00:00:00|@|
c055c4a45266e4f57bd5d605003e9d525|!|2023-11-16 05:32:02.099|!|DEBUG|!|     |!|[JSONDS7] JSONFile load : TimeMillis : 2ms, HH:MM:SS : 00:00:00|@|
c055c4a45266e4f57bd5d605003e9d525|!|2023-11-16 05:32:02.099|!|WARN|!|     |!|[JSONDS7] There is no JSON data.|@|
c055c4a45266e4f57bd5d605003e9d525|!|2023-11-16 05:32:02.099|!|WARN|!|     |!|[JSONDS7] Not Found Dataset JsonPath - json7|@|
c055c4a45266e4f57bd5d605003e9d525|!|2023-11-16 05:32:02.100|!|DEBUG|!|     |!|[JSONDS7] JSONMemo read RecordSet TimeMillis : 0ms, HH:MM:SS : 00:00:00|@|
c055c4a45266e4f57bd5d605003e9d525|!|2023-11-16 05:32:02.106|!|DEBUG|!|     |!|[JSONDS5] JSONMemo RecordSet reUse : JSONDS5|@|
c055c4a45266e4f57bd5d605003e9d525|!|2023-11-16 05:32:02.111|!|DEBUG|!|     |!|[JSONDS9] JSONMemo RecordSet reUse : JSONDS9|@|
c055c4a45266e4f57bd5d605003e9d525|!|2023-11-16 05:32:02.111|!|DEBUG|!|     |!|report build end|@|
c055c4a45266e4f57bd5d605003e9d525|!|2023-11-16 05:32:02.113|!|INFO|!|     |!|Report creation complete.|@|
c055c4a45266e4f57bd5d605003e9d525|!|2023-11-16 05:32:02.113|!|INFO|!|     |!|Report Build Time : TimeMillis : 55ms, HH:MM:SS : 00:00:00|@|
c055c4a45266e4f57bd5d605003e9d525|!|2023-11-16 05:32:02.113|!|DEBUG|!|     |!|report end|@|
c055c4a45266e4f57bd5d605003e9d525|!|2023-11-16 05:32:02.114|!|DEBUG|!|     |!|Total Page Count (4) saved!|@|
c055c4a45266e4f57bd5d605003e9d525|!|2023-11-16 05:32:02.114|!|DEBUG|!|     |!|Last Document saved!|@|
c055c4a45266e4f57bd5d605003e9d525|!|2023-11-16 05:32:02.114|!|INFO|!|     |!|Report generation completed.|@|
cbdb52d67e42c4673977b5c9e03b71f91|!|2023-11-16 05:33:56.877|!|INFO|!|     |!|Report Put in a Thread Pool !!|@|
cbdb52d67e42c4673977b5c9e03b71f91|!|2023-11-16 05:33:56.877|!|INFO|!|     |!|Report Thread pool Active: 1  ,Wait User : 0|@|
cbdb52d67e42c4673977b5c9e03b71f91|!|2023-11-16 05:33:56.892|!|DEBUG|!|     |!|Report Read Time : TimeMillis : 15ms, HH:MM:SS : 00:00:00|@|
cbdb52d67e42c4673977b5c9e03b71f91|!|2023-11-16 05:33:56.896|!|INFO|!|     |!|Start generating reports. ReportFileName : D:\eclipse-workspace\ncos\src\main\webapp\WEB-INF\clipreport5/crf/THREAT_ASSET_REPORT_DETAIL.crf|@|
cbdb52d67e42c4673977b5c9e03b71f91|!|2023-11-16 05:33:56.896|!|DEBUG|!|     |!|dataset read end|@|
cbdb52d67e42c4673977b5c9e03b71f91|!|2023-11-16 05:33:56.896|!|DEBUG|!|     |!|reportpage build start|@|
cbdb52d67e42c4673977b5c9e03b71f91|!|2023-11-16 05:33:56.907|!|DEBUG|!|     |!|[JSONDS10] JSONFile load : TimeMillis : 0ms, HH:MM:SS : 00:00:00|@|
cbdb52d67e42c4673977b5c9e03b71f91|!|2023-11-16 05:33:56.907|!|DEBUG|!|     |!|[JSONDS10] JSON data load rows : 1|@|
cbdb52d67e42c4673977b5c9e03b71f91|!|2023-11-16 05:33:56.907|!|DEBUG|!|     |!|[JSONDS10] JSONMemo read RecordSet TimeMillis : 0ms, HH:MM:SS : 00:00:00|@|
cbdb52d67e42c4673977b5c9e03b71f91|!|2023-11-16 05:33:56.908|!|DEBUG|!|     |!|[JSONDS5] JSONFile load : TimeMillis : 0ms, HH:MM:SS : 00:00:00|@|
cbdb52d67e42c4673977b5c9e03b71f91|!|2023-11-16 05:33:56.908|!|WARN|!|     |!|[JSONDS5] There is no JSON data.|@|
cbdb52d67e42c4673977b5c9e03b71f91|!|2023-11-16 05:33:56.908|!|WARN|!|     |!|[JSONDS5] Not Found Dataset JsonPath - json5|@|
cbdb52d67e42c4673977b5c9e03b71f91|!|2023-11-16 05:33:56.908|!|DEBUG|!|     |!|[JSONDS5] JSONMemo read RecordSet TimeMillis : 0ms, HH:MM:SS : 00:00:00|@|
cbdb52d67e42c4673977b5c9e03b71f91|!|2023-11-16 05:33:56.909|!|DEBUG|!|     |!|[JSONDS1] JSONFile load : TimeMillis : 0ms, HH:MM:SS : 00:00:00|@|
cbdb52d67e42c4673977b5c9e03b71f91|!|2023-11-16 05:33:56.909|!|DEBUG|!|     |!|[JSONDS1] JSON data load rows : 3|@|
cbdb52d67e42c4673977b5c9e03b71f91|!|2023-11-16 05:33:56.909|!|DEBUG|!|     |!|[JSONDS1] JSONMemo read RecordSet TimeMillis : 0ms, HH:MM:SS : 00:00:00|@|
cbdb52d67e42c4673977b5c9e03b71f91|!|2023-11-16 05:33:56.920|!|DEBUG|!|     |!|[JSONDS3] JSONFile load : TimeMillis : 0ms, HH:MM:SS : 00:00:00|@|
cbdb52d67e42c4673977b5c9e03b71f91|!|2023-11-16 05:33:56.920|!|DEBUG|!|     |!|[JSONDS3] JSON data load rows : 3|@|
cbdb52d67e42c4673977b5c9e03b71f91|!|2023-11-16 05:33:56.920|!|DEBUG|!|     |!|[JSONDS3] JSONMemo read RecordSet TimeMillis : 0ms, HH:MM:SS : 00:00:00|@|
cbdb52d67e42c4673977b5c9e03b71f91|!|2023-11-16 05:33:56.927|!|DEBUG|!|     |!|[JSONDS2] JSONFile load : TimeMillis : 0ms, HH:MM:SS : 00:00:00|@|
cbdb52d67e42c4673977b5c9e03b71f91|!|2023-11-16 05:33:56.927|!|DEBUG|!|     |!|[JSONDS2] JSON data load rows : 2|@|
cbdb52d67e42c4673977b5c9e03b71f91|!|2023-11-16 05:33:56.927|!|DEBUG|!|     |!|[JSONDS2] JSONMemo read RecordSet TimeMillis : 0ms, HH:MM:SS : 00:00:00|@|
cbdb52d67e42c4673977b5c9e03b71f91|!|2023-11-16 05:33:56.933|!|DEBUG|!|     |!|[JSONDS4] JSONFile load : TimeMillis : 0ms, HH:MM:SS : 00:00:00|@|
cbdb52d67e42c4673977b5c9e03b71f91|!|2023-11-16 05:33:56.933|!|DEBUG|!|     |!|[JSONDS4] JSON data load rows : 2|@|
cbdb52d67e42c4673977b5c9e03b71f91|!|2023-11-16 05:33:56.933|!|DEBUG|!|     |!|[JSONDS4] JSONMemo read RecordSet TimeMillis : 0ms, HH:MM:SS : 00:00:00|@|
cbdb52d67e42c4673977b5c9e03b71f91|!|2023-11-16 05:33:56.935|!|DEBUG|!|     |!|[JSONDS9] JSONFile load : TimeMillis : 0ms, HH:MM:SS : 00:00:00|@|
cbdb52d67e42c4673977b5c9e03b71f91|!|2023-11-16 05:33:56.935|!|WARN|!|     |!|[JSONDS9] There is no JSON data.|@|
cbdb52d67e42c4673977b5c9e03b71f91|!|2023-11-16 05:33:56.935|!|WARN|!|     |!|[JSONDS9] Not Found Dataset JsonPath - json9|@|
cbdb52d67e42c4673977b5c9e03b71f91|!|2023-11-16 05:33:56.935|!|DEBUG|!|     |!|[JSONDS9] JSONMemo read RecordSet TimeMillis : 0ms, HH:MM:SS : 00:00:00|@|
cbdb52d67e42c4673977b5c9e03b71f91|!|2023-11-16 05:33:56.950|!|DEBUG|!|     |!|[JSONDS6] JSONFile load : TimeMillis : 0ms, HH:MM:SS : 00:00:00|@|
cbdb52d67e42c4673977b5c9e03b71f91|!|2023-11-16 05:33:56.950|!|DEBUG|!|     |!|[JSONDS6] JSON data load rows : 4|@|
cbdb52d67e42c4673977b5c9e03b71f91|!|2023-11-16 05:33:56.950|!|DEBUG|!|     |!|[JSONDS6] JSONMemo read RecordSet TimeMillis : 0ms, HH:MM:SS : 00:00:00|@|
cbdb52d67e42c4673977b5c9e03b71f91|!|2023-11-16 05:33:56.956|!|DEBUG|!|     |!|[JSONDS8] JSONFile load : TimeMillis : 0ms, HH:MM:SS : 00:00:00|@|
cbdb52d67e42c4673977b5c9e03b71f91|!|2023-11-16 05:33:56.956|!|DEBUG|!|     |!|[JSONDS8] JSON data load rows : 4|@|
cbdb52d67e42c4673977b5c9e03b71f91|!|2023-11-16 05:33:56.956|!|DEBUG|!|     |!|[JSONDS8] JSONMemo read RecordSet TimeMillis : 0ms, HH:MM:SS : 00:00:00|@|
cbdb52d67e42c4673977b5c9e03b71f91|!|2023-11-16 05:33:56.961|!|DEBUG|!|     |!|[JSONDS7] JSONFile load : TimeMillis : 0ms, HH:MM:SS : 00:00:00|@|
cbdb52d67e42c4673977b5c9e03b71f91|!|2023-11-16 05:33:56.961|!|WARN|!|     |!|[JSONDS7] There is no JSON data.|@|
cbdb52d67e42c4673977b5c9e03b71f91|!|2023-11-16 05:33:56.961|!|WARN|!|     |!|[JSONDS7] Not Found Dataset JsonPath - json7|@|
cbdb52d67e42c4673977b5c9e03b71f91|!|2023-11-16 05:33:56.961|!|DEBUG|!|     |!|[JSONDS7] JSONMemo read RecordSet TimeMillis : 0ms, HH:MM:SS : 00:00:00|@|
cbdb52d67e42c4673977b5c9e03b71f91|!|2023-11-16 05:33:56.964|!|DEBUG|!|     |!|[JSONDS5] JSONMemo RecordSet reUse : JSONDS5|@|
cbdb52d67e42c4673977b5c9e03b71f91|!|2023-11-16 05:33:56.966|!|DEBUG|!|     |!|[JSONDS9] JSONMemo RecordSet reUse : JSONDS9|@|
cbdb52d67e42c4673977b5c9e03b71f91|!|2023-11-16 05:33:56.966|!|DEBUG|!|     |!|report build end|@|
cbdb